<?xml version="1.0" encoding="UTF-8"?>
<!-- Generated by org.testng.reporters.JUnitReportReporter -->
<testsuite hostname="DESKTOP-60NV4UB" failures="0" tests="4" name="Test.Excludegroup" time="0.020" errors="0" timestamp="2023-03-31T17:40:52 IST" skipped="0">
  <testcase classname="Test.Excludegroup" name="methodtwo" time="0.002"/>
  <system-out/>
  <testcase classname="Test.Excludegroup" name="methodone" time="0.003"/>
  <system-out/>
  <testcase classname="Test.Excludegroup" name="methodFour" time="0.014"/>
  <system-out/>
  <testcase classname="Test.Excludegroup" name="methodthree" time="0.001"/>
  <system-out/>
</testsuite> <!-- Test.Excludegroup -->
