<?xml version="1.0" encoding="UTF-8"?>
<!-- Generated by org.testng.reporters.JUnitReportReporter -->
<testsuite hostname="DESKTOP-60NV4UB" failures="0" tests="4" name="Test.SmapledatProvider" time="0.018" errors="0" timestamp="2023-03-30T17:58:41 IST" skipped="0">
  <testcase classname="Test.SmapledatProvider" name="testMethod" time="0.002"/>
  <system-out/>
  <testcase classname="Test.SmapledatProvider" name="testMethod" time="0.002"/>
  <system-out/>
  <testcase classname="Test.SmapledatProvider" name="testMethod" time="0.010"/>
  <system-out/>
  <testcase classname="Test.SmapledatProvider" name="testMethod" time="0.004"/>
  <system-out/>
</testsuite> <!-- Test.SmapledatProvider -->
