<?xml version="1.0" encoding="UTF-8"?>
<!-- Generated by org.testng.reporters.JUnitReportReporter -->
<testsuite hostname="DESKTOP-60NV4UB" failures="0" tests="3" name="TestNGPractice.SapmleTest" time="0.014" errors="0" timestamp="2023-03-22T19:21:43 IST" skipped="0">
  <testcase classname="TestNGPractice.SapmleTest" name="login" time="0.001"/>
  <system-out/>
  <testcase classname="TestNGPractice.SapmleTest" name="closebrowser" time="0.009"/>
  <system-out/>
  <testcase classname="TestNGPractice.SapmleTest" name="setup" time="0.004"/>
  <system-out/>
</testsuite> <!-- TestNGPractice.SapmleTest -->
