<?xml version="1.0" encoding="UTF-8"?>
<!-- Generated by org.testng.reporters.JUnitReportReporter -->
<testsuite hostname="DESKTOP-60NV4UB" failures="0" tests="3" name="Test.Disabledtest" time="0.014" errors="0" timestamp="2023-03-19T16:51:35 IST" skipped="1">
  <testcase classname="Test.Disabledtest" name="methodone" time="0.012"/>
  <system-out/>
  <testcase classname="Test.Disabledtest" name="methodthree" time="0.002"/>
  <system-out/>
  <testcase classname="Test.Disabledtest" name="methodtwo">
    <skipped/>
  </testcase> <!-- methodtwo -->
  <system-out/>
</testsuite> <!-- Test.Disabledtest -->
