<?xml version="1.0" encoding="UTF-8"?>
<!-- Generated by org.testng.reporters.JUnitReportReporter -->
<testsuite hostname="DESKTOP-60NV4UB" failures="0" tests="2" name="Test.ParalleltestTwo" time="0.018" errors="0" timestamp="2023-03-29T19:34:51 IST" skipped="0">
  <testcase classname="Test.ParalleltestTwo" name="testMethodTwo" time="0.004"/>
  <system-out/>
  <testcase classname="Test.ParalleltestTwo" name="testMethodOne" time="0.014"/>
  <system-out/>
</testsuite> <!-- Test.ParalleltestTwo -->
