<?xml version="1.0" encoding="UTF-8"?>
<!-- Generated by org.testng.reporters.JUnitReportReporter -->
<testsuite hostname="DESKTOP-60NV4UB" failures="0" tests="1" name="Test.NewTest" time="0.010" errors="0" timestamp="2023-03-30T11:38:34 IST" skipped="0">
  <testcase classname="Test.NewTest" name="f" time="0.010"/>
  <system-out/>
</testsuite> <!-- Test.NewTest -->
