<?xml version="1.0" encoding="UTF-8"?>
<!-- Generated by org.testng.reporters.JUnitReportReporter -->
<testsuite hostname="DESKTOP-60NV4UB" failures="0" tests="2" name="Test.ParameterTest" time="0.010" errors="0" timestamp="2023-04-03T14:49:38 IST" skipped="0">
  <testcase classname="Test.ParameterTest" name="Testone" time="0.009"/>
  <system-out/>
  <testcase classname="Test.ParameterTest" name="Testtwo" time="0.001"/>
  <system-out/>
</testsuite> <!-- Test.ParameterTest -->
