<?xml version="1.0" encoding="UTF-8"?>
<!-- Generated by org.testng.reporters.JUnitReportReporter -->
<testsuite hostname="DESKTOP-60NV4UB" failures="0" tests="2" name="Test.OptionalDemo" time="0.012" errors="0" timestamp="2023-03-20T16:15:08 IST" skipped="0">
  <testcase classname="Test.OptionalDemo" name="testMethod" time="0.008"/>
  <system-out/>
  <testcase classname="Test.OptionalDemo" name="testMethod" time="0.004"/>
  <system-out/>
</testsuite> <!-- Test.OptionalDemo -->
